WARNING Not Found: /1/2328/DS
WARNING Not Found: /1/
WARNING Not Found: /545
WARNING Not Found: /article/article_detail/1/23
WARNING Not Found: /article/article_detail/1/23
WARNING Not Found: /article/article_detail/96/
WARNING Not Found: /
WARNING Not Found: /favicon.ico
WARNING Not Found: /favicon.ico
ERROR Internal Server Error: /
Traceback (most recent call last):
  File "/code_workplace/MyBlog/venv/lib/python3.8/site-packages/django/template/base.py", line 470, in parse
    compile_func = self.tags[command]
KeyError: 'endfor'

During handling of the above exception, another exception occurred:

Traceback (most recent call last):
  File "/code_workplace/MyBlog/venv/lib/python3.8/site-packages/django/core/handlers/exception.py", line 47, in inner
    response = get_response(request)
  File "/code_workplace/MyBlog/venv/lib/python3.8/site-packages/django/core/handlers/base.py", line 181, in _get_response
    response = wrapped_callback(request, *callback_args, **callback_kwargs)
  File "/code_workplace/MyBlog/article/views.py", line 34, in article_list
    return render(request, 'article/list.html', context)
  File "/code_workplace/MyBlog/venv/lib/python3.8/site-packages/django/shortcuts.py", line 19, in render
    content = loader.render_to_string(template_name, context, request, using=using)
  File "/code_workplace/MyBlog/venv/lib/python3.8/site-packages/django/template/loader.py", line 61, in render_to_string
    template = get_template(template_name, using=using)
  File "/code_workplace/MyBlog/venv/lib/python3.8/site-packages/django/template/loader.py", line 15, in get_template
    return engine.get_template(template_name)
  File "/code_workplace/MyBlog/venv/lib/python3.8/site-packages/django/template/backends/django.py", line 34, in get_template
    return Template(self.engine.get_template(template_name), self)
  File "/code_workplace/MyBlog/venv/lib/python3.8/site-packages/django/template/engine.py", line 143, in get_template
    template, origin = self.find_template(template_name)
  File "/code_workplace/MyBlog/venv/lib/python3.8/site-packages/django/template/engine.py", line 125, in find_template
    template = loader.get_template(name, skip=skip)
  File "/code_workplace/MyBlog/venv/lib/python3.8/site-packages/django/template/loaders/base.py", line 29, in get_template
    return Template(
  File "/code_workplace/MyBlog/venv/lib/python3.8/site-packages/django/template/base.py", line 155, in __init__
    self.nodelist = self.compile_nodelist()
  File "/code_workplace/MyBlog/venv/lib/python3.8/site-packages/django/template/base.py", line 193, in compile_nodelist
    return parser.parse()
  File "/code_workplace/MyBlog/venv/lib/python3.8/site-packages/django/template/base.py", line 478, in parse
    raise self.error(token, e)
  File "/code_workplace/MyBlog/venv/lib/python3.8/site-packages/django/template/base.py", line 476, in parse
    compiled_result = compile_func(self, token)
  File "/code_workplace/MyBlog/venv/lib/python3.8/site-packages/django/template/loader_tags.py", line 278, in do_extends
    nodelist = parser.parse()
  File "/code_workplace/MyBlog/venv/lib/python3.8/site-packages/django/template/base.py", line 478, in parse
    raise self.error(token, e)
  File "/code_workplace/MyBlog/venv/lib/python3.8/site-packages/django/template/base.py", line 476, in parse
    compiled_result = compile_func(self, token)
  File "/code_workplace/MyBlog/venv/lib/python3.8/site-packages/django/template/loader_tags.py", line 216, in do_block
    nodelist = parser.parse(('endblock',))
  File "/code_workplace/MyBlog/venv/lib/python3.8/site-packages/django/template/base.py", line 478, in parse
    raise self.error(token, e)
  File "/code_workplace/MyBlog/venv/lib/python3.8/site-packages/django/template/base.py", line 476, in parse
    compiled_result = compile_func(self, token)
  File "/code_workplace/MyBlog/venv/lib/python3.8/site-packages/django/template/defaulttags.py", line 814, in do_for
    nodelist_loop = parser.parse(('empty', 'endfor',))
  File "/code_workplace/MyBlog/venv/lib/python3.8/site-packages/django/template/base.py", line 478, in parse
    raise self.error(token, e)
  File "/code_workplace/MyBlog/venv/lib/python3.8/site-packages/django/template/base.py", line 476, in parse
    compiled_result = compile_func(self, token)
  File "/code_workplace/MyBlog/venv/lib/python3.8/site-packages/django/template/defaulttags.py", line 979, in do_if
    nodelist = parser.parse(('endif',))
  File "/code_workplace/MyBlog/venv/lib/python3.8/site-packages/django/template/base.py", line 472, in parse
    self.invalid_block_tag(token, command, parse_until)
  File "/code_workplace/MyBlog/venv/lib/python3.8/site-packages/django/template/base.py", line 522, in invalid_block_tag
    raise self.error(
django.template.exceptions.TemplateSyntaxError: Invalid block tag on line 85: 'endfor', expected 'endif'. Did you forget to register or load this tag?
ERROR Internal Server Error: /
Traceback (most recent call last):
  File "/code_workplace/MyBlog/venv/lib/python3.8/site-packages/django/template/base.py", line 470, in parse
    compile_func = self.tags[command]
KeyError: 'endfor'

During handling of the above exception, another exception occurred:

Traceback (most recent call last):
  File "/code_workplace/MyBlog/venv/lib/python3.8/site-packages/django/core/handlers/exception.py", line 47, in inner
    response = get_response(request)
  File "/code_workplace/MyBlog/venv/lib/python3.8/site-packages/django/core/handlers/base.py", line 181, in _get_response
    response = wrapped_callback(request, *callback_args, **callback_kwargs)
  File "/code_workplace/MyBlog/article/views.py", line 34, in article_list
    return render(request, 'article/list.html', context)
  File "/code_workplace/MyBlog/venv/lib/python3.8/site-packages/django/shortcuts.py", line 19, in render
    content = loader.render_to_string(template_name, context, request, using=using)
  File "/code_workplace/MyBlog/venv/lib/python3.8/site-packages/django/template/loader.py", line 61, in render_to_string
    template = get_template(template_name, using=using)
  File "/code_workplace/MyBlog/venv/lib/python3.8/site-packages/django/template/loader.py", line 15, in get_template
    return engine.get_template(template_name)
  File "/code_workplace/MyBlog/venv/lib/python3.8/site-packages/django/template/backends/django.py", line 34, in get_template
    return Template(self.engine.get_template(template_name), self)
  File "/code_workplace/MyBlog/venv/lib/python3.8/site-packages/django/template/engine.py", line 143, in get_template
    template, origin = self.find_template(template_name)
  File "/code_workplace/MyBlog/venv/lib/python3.8/site-packages/django/template/engine.py", line 125, in find_template
    template = loader.get_template(name, skip=skip)
  File "/code_workplace/MyBlog/venv/lib/python3.8/site-packages/django/template/loaders/base.py", line 29, in get_template
    return Template(
  File "/code_workplace/MyBlog/venv/lib/python3.8/site-packages/django/template/base.py", line 155, in __init__
    self.nodelist = self.compile_nodelist()
  File "/code_workplace/MyBlog/venv/lib/python3.8/site-packages/django/template/base.py", line 193, in compile_nodelist
    return parser.parse()
  File "/code_workplace/MyBlog/venv/lib/python3.8/site-packages/django/template/base.py", line 478, in parse
    raise self.error(token, e)
  File "/code_workplace/MyBlog/venv/lib/python3.8/site-packages/django/template/base.py", line 476, in parse
    compiled_result = compile_func(self, token)
  File "/code_workplace/MyBlog/venv/lib/python3.8/site-packages/django/template/loader_tags.py", line 278, in do_extends
    nodelist = parser.parse()
  File "/code_workplace/MyBlog/venv/lib/python3.8/site-packages/django/template/base.py", line 478, in parse
    raise self.error(token, e)
  File "/code_workplace/MyBlog/venv/lib/python3.8/site-packages/django/template/base.py", line 476, in parse
    compiled_result = compile_func(self, token)
  File "/code_workplace/MyBlog/venv/lib/python3.8/site-packages/django/template/loader_tags.py", line 216, in do_block
    nodelist = parser.parse(('endblock',))
  File "/code_workplace/MyBlog/venv/lib/python3.8/site-packages/django/template/base.py", line 478, in parse
    raise self.error(token, e)
  File "/code_workplace/MyBlog/venv/lib/python3.8/site-packages/django/template/base.py", line 476, in parse
    compiled_result = compile_func(self, token)
  File "/code_workplace/MyBlog/venv/lib/python3.8/site-packages/django/template/defaulttags.py", line 814, in do_for
    nodelist_loop = parser.parse(('empty', 'endfor',))
  File "/code_workplace/MyBlog/venv/lib/python3.8/site-packages/django/template/base.py", line 478, in parse
    raise self.error(token, e)
  File "/code_workplace/MyBlog/venv/lib/python3.8/site-packages/django/template/base.py", line 476, in parse
    compiled_result = compile_func(self, token)
  File "/code_workplace/MyBlog/venv/lib/python3.8/site-packages/django/template/defaulttags.py", line 979, in do_if
    nodelist = parser.parse(('endif',))
  File "/code_workplace/MyBlog/venv/lib/python3.8/site-packages/django/template/base.py", line 472, in parse
    self.invalid_block_tag(token, command, parse_until)
  File "/code_workplace/MyBlog/venv/lib/python3.8/site-packages/django/template/base.py", line 522, in invalid_block_tag
    raise self.error(
django.template.exceptions.TemplateSyntaxError: Invalid block tag on line 85: 'endfor', expected 'endif'. Did you forget to register or load this tag?
